

Started GET "/" for 127.0.0.1 at 2014-11-12 10:02:41 -0800

PG::ConnectionBad (FATAL:  role "accounting" does not exist
):
  activerecord (4.0.5) lib/active_record/connection_adapters/postgresql_adapter.rb:848:in `initialize'
  activerecord (4.0.5) lib/active_record/connection_adapters/postgresql_adapter.rb:848:in `new'
  activerecord (4.0.5) lib/active_record/connection_adapters/postgresql_adapter.rb:848:in `connect'
  activerecord (4.0.5) lib/active_record/connection_adapters/postgresql_adapter.rb:556:in `initialize'
  activerecord (4.0.5) lib/active_record/connection_adapters/postgresql_adapter.rb:41:in `new'
  activerecord (4.0.5) lib/active_record/connection_adapters/postgresql_adapter.rb:41:in `postgresql_connection'
  activerecord (4.0.5) lib/active_record/connection_adapters/abstract/connection_pool.rb:440:in `new_connection'
  activerecord (4.0.5) lib/active_record/connection_adapters/abstract/connection_pool.rb:450:in `checkout_new_connection'
  activerecord (4.0.5) lib/active_record/connection_adapters/abstract/connection_pool.rb:421:in `acquire_connection'
  activerecord (4.0.5) lib/active_record/connection_adapters/abstract/connection_pool.rb:356:in `block in checkout'
  /Users/gintron/.rbenv/versions/2.1.2/lib/ruby/2.1.0/monitor.rb:211:in `mon_synchronize'
  activerecord (4.0.5) lib/active_record/connection_adapters/abstract/connection_pool.rb:355:in `checkout'
  activerecord (4.0.5) lib/active_record/connection_adapters/abstract/connection_pool.rb:265:in `block in connection'
  /Users/gintron/.rbenv/versions/2.1.2/lib/ruby/2.1.0/monitor.rb:211:in `mon_synchronize'
  activerecord (4.0.5) lib/active_record/connection_adapters/abstract/connection_pool.rb:264:in `connection'
  activerecord (4.0.5) lib/active_record/connection_adapters/abstract/connection_pool.rb:546:in `retrieve_connection'
  activerecord (4.0.5) lib/active_record/connection_handling.rb:79:in `retrieve_connection'
  activerecord (4.0.5) lib/active_record/connection_handling.rb:53:in `connection'
  activerecord (4.0.5) lib/active_record/query_cache.rb:51:in `restore_query_cache_settings'
  activerecord (4.0.5) lib/active_record/query_cache.rb:43:in `rescue in call'
  activerecord (4.0.5) lib/active_record/query_cache.rb:32:in `call'
  activerecord (4.0.5) lib/active_record/connection_adapters/abstract/connection_pool.rb:626:in `call'
  activerecord (4.0.5) lib/active_record/migration.rb:373:in `call'
  actionpack (4.0.5) lib/action_dispatch/middleware/callbacks.rb:29:in `block in call'
  activesupport (4.0.5) lib/active_support/callbacks.rb:373:in `_run__586032705509948494__call__callbacks'
  activesupport (4.0.5) lib/active_support/callbacks.rb:80:in `run_callbacks'
  actionpack (4.0.5) lib/action_dispatch/middleware/callbacks.rb:27:in `call'
  actionpack (4.0.5) lib/action_dispatch/middleware/reloader.rb:64:in `call'
  actionpack (4.0.5) lib/action_dispatch/middleware/remote_ip.rb:76:in `call'
  actionpack (4.0.5) lib/action_dispatch/middleware/debug_exceptions.rb:17:in `call'
  actionpack (4.0.5) lib/action_dispatch/middleware/show_exceptions.rb:30:in `call'
  railties (4.0.5) lib/rails/rack/logger.rb:38:in `call_app'
  railties (4.0.5) lib/rails/rack/logger.rb:20:in `block in call'
  activesupport (4.0.5) lib/active_support/tagged_logging.rb:68:in `block in tagged'
  activesupport (4.0.5) lib/active_support/tagged_logging.rb:26:in `tagged'
  activesupport (4.0.5) lib/active_support/tagged_logging.rb:68:in `tagged'
  railties (4.0.5) lib/rails/rack/logger.rb:20:in `call'
  actionpack (4.0.5) lib/action_dispatch/middleware/request_id.rb:21:in `call'
  rack (1.5.2) lib/rack/methodoverride.rb:21:in `call'
  rack (1.5.2) lib/rack/runtime.rb:17:in `call'
  activesupport (4.0.5) lib/active_support/cache/strategy/local_cache.rb:83:in `call'
  rack (1.5.2) lib/rack/lock.rb:17:in `call'
  actionpack (4.0.5) lib/action_dispatch/middleware/static.rb:64:in `call'
  rack (1.5.2) lib/rack/sendfile.rb:112:in `call'
  railties (4.0.5) lib/rails/engine.rb:511:in `call'
  railties (4.0.5) lib/rails/application.rb:97:in `call'
  rack (1.5.2) lib/rack/lock.rb:17:in `call'
  rack (1.5.2) lib/rack/content_length.rb:14:in `call'
  rack (1.5.2) lib/rack/handler/webrick.rb:60:in `service'
  /Users/gintron/.rbenv/versions/2.1.2/lib/ruby/2.1.0/webrick/httpserver.rb:138:in `service'
  /Users/gintron/.rbenv/versions/2.1.2/lib/ruby/2.1.0/webrick/httpserver.rb:94:in `run'
  /Users/gintron/.rbenv/versions/2.1.2/lib/ruby/2.1.0/webrick/server.rb:295:in `block in start_thread'


  Rendered /Users/gintron/.rbenv/versions/2.1.2/lib/ruby/gems/2.1.0/gems/actionpack-4.0.5/lib/action_dispatch/middleware/templates/rescues/_source.erb (0.7ms)
  Rendered /Users/gintron/.rbenv/versions/2.1.2/lib/ruby/gems/2.1.0/gems/actionpack-4.0.5/lib/action_dispatch/middleware/templates/rescues/_trace.erb (1.1ms)
  Rendered /Users/gintron/.rbenv/versions/2.1.2/lib/ruby/gems/2.1.0/gems/actionpack-4.0.5/lib/action_dispatch/middleware/templates/rescues/_request_and_response.erb (1.0ms)
  Rendered /Users/gintron/.rbenv/versions/2.1.2/lib/ruby/gems/2.1.0/gems/actionpack-4.0.5/lib/action_dispatch/middleware/templates/rescues/diagnostics.erb within rescues/layout (19.6ms)


Started GET "/" for 127.0.0.1 at 2014-11-12 10:02:56 -0800

PG::ConnectionBad (FATAL:  role "accounting" does not exist
):
  activerecord (4.0.5) lib/active_record/connection_adapters/postgresql_adapter.rb:848:in `initialize'
  activerecord (4.0.5) lib/active_record/connection_adapters/postgresql_adapter.rb:848:in `new'
  activerecord (4.0.5) lib/active_record/connection_adapters/postgresql_adapter.rb:848:in `connect'
  activerecord (4.0.5) lib/active_record/connection_adapters/postgresql_adapter.rb:556:in `initialize'
  activerecord (4.0.5) lib/active_record/connection_adapters/postgresql_adapter.rb:41:in `new'
  activerecord (4.0.5) lib/active_record/connection_adapters/postgresql_adapter.rb:41:in `postgresql_connection'
  activerecord (4.0.5) lib/active_record/connection_adapters/abstract/connection_pool.rb:440:in `new_connection'
  activerecord (4.0.5) lib/active_record/connection_adapters/abstract/connection_pool.rb:450:in `checkout_new_connection'
  activerecord (4.0.5) lib/active_record/connection_adapters/abstract/connection_pool.rb:421:in `acquire_connection'
  activerecord (4.0.5) lib/active_record/connection_adapters/abstract/connection_pool.rb:356:in `block in checkout'
  /Users/gintron/.rbenv/versions/2.1.2/lib/ruby/2.1.0/monitor.rb:211:in `mon_synchronize'
  activerecord (4.0.5) lib/active_record/connection_adapters/abstract/connection_pool.rb:355:in `checkout'
  activerecord (4.0.5) lib/active_record/connection_adapters/abstract/connection_pool.rb:265:in `block in connection'
  /Users/gintron/.rbenv/versions/2.1.2/lib/ruby/2.1.0/monitor.rb:211:in `mon_synchronize'
  activerecord (4.0.5) lib/active_record/connection_adapters/abstract/connection_pool.rb:264:in `connection'
  activerecord (4.0.5) lib/active_record/connection_adapters/abstract/connection_pool.rb:546:in `retrieve_connection'
  activerecord (4.0.5) lib/active_record/connection_handling.rb:79:in `retrieve_connection'
  activerecord (4.0.5) lib/active_record/connection_handling.rb:53:in `connection'
  activerecord (4.0.5) lib/active_record/query_cache.rb:51:in `restore_query_cache_settings'
  activerecord (4.0.5) lib/active_record/query_cache.rb:43:in `rescue in call'
  activerecord (4.0.5) lib/active_record/query_cache.rb:32:in `call'
  activerecord (4.0.5) lib/active_record/connection_adapters/abstract/connection_pool.rb:626:in `call'
  activerecord (4.0.5) lib/active_record/migration.rb:373:in `call'
  actionpack (4.0.5) lib/action_dispatch/middleware/callbacks.rb:29:in `block in call'
  activesupport (4.0.5) lib/active_support/callbacks.rb:373:in `_run__586032705509948494__call__callbacks'
  activesupport (4.0.5) lib/active_support/callbacks.rb:80:in `run_callbacks'
  actionpack (4.0.5) lib/action_dispatch/middleware/callbacks.rb:27:in `call'
  actionpack (4.0.5) lib/action_dispatch/middleware/reloader.rb:64:in `call'
  actionpack (4.0.5) lib/action_dispatch/middleware/remote_ip.rb:76:in `call'
  actionpack (4.0.5) lib/action_dispatch/middleware/debug_exceptions.rb:17:in `call'
  actionpack (4.0.5) lib/action_dispatch/middleware/show_exceptions.rb:30:in `call'
  railties (4.0.5) lib/rails/rack/logger.rb:38:in `call_app'
  railties (4.0.5) lib/rails/rack/logger.rb:20:in `block in call'
  activesupport (4.0.5) lib/active_support/tagged_logging.rb:68:in `block in tagged'
  activesupport (4.0.5) lib/active_support/tagged_logging.rb:26:in `tagged'
  activesupport (4.0.5) lib/active_support/tagged_logging.rb:68:in `tagged'
  railties (4.0.5) lib/rails/rack/logger.rb:20:in `call'
  actionpack (4.0.5) lib/action_dispatch/middleware/request_id.rb:21:in `call'
  rack (1.5.2) lib/rack/methodoverride.rb:21:in `call'
  rack (1.5.2) lib/rack/runtime.rb:17:in `call'
  activesupport (4.0.5) lib/active_support/cache/strategy/local_cache.rb:83:in `call'
  rack (1.5.2) lib/rack/lock.rb:17:in `call'
  actionpack (4.0.5) lib/action_dispatch/middleware/static.rb:64:in `call'
  rack (1.5.2) lib/rack/sendfile.rb:112:in `call'
  railties (4.0.5) lib/rails/engine.rb:511:in `call'
  railties (4.0.5) lib/rails/application.rb:97:in `call'
  rack (1.5.2) lib/rack/lock.rb:17:in `call'
  rack (1.5.2) lib/rack/content_length.rb:14:in `call'
  rack (1.5.2) lib/rack/handler/webrick.rb:60:in `service'
  /Users/gintron/.rbenv/versions/2.1.2/lib/ruby/2.1.0/webrick/httpserver.rb:138:in `service'
  /Users/gintron/.rbenv/versions/2.1.2/lib/ruby/2.1.0/webrick/httpserver.rb:94:in `run'
  /Users/gintron/.rbenv/versions/2.1.2/lib/ruby/2.1.0/webrick/server.rb:295:in `block in start_thread'


  Rendered /Users/gintron/.rbenv/versions/2.1.2/lib/ruby/gems/2.1.0/gems/actionpack-4.0.5/lib/action_dispatch/middleware/templates/rescues/_source.erb (0.5ms)
  Rendered /Users/gintron/.rbenv/versions/2.1.2/lib/ruby/gems/2.1.0/gems/actionpack-4.0.5/lib/action_dispatch/middleware/templates/rescues/_trace.erb (1.1ms)
  Rendered /Users/gintron/.rbenv/versions/2.1.2/lib/ruby/gems/2.1.0/gems/actionpack-4.0.5/lib/action_dispatch/middleware/templates/rescues/_request_and_response.erb (0.9ms)
  Rendered /Users/gintron/.rbenv/versions/2.1.2/lib/ruby/gems/2.1.0/gems/actionpack-4.0.5/lib/action_dispatch/middleware/templates/rescues/diagnostics.erb within rescues/layout (14.4ms)


Started GET "/" for 127.0.0.1 at 2014-11-12 10:02:56 -0800

PG::ConnectionBad (FATAL:  role "accounting" does not exist
):
  activerecord (4.0.5) lib/active_record/connection_adapters/postgresql_adapter.rb:848:in `initialize'
  activerecord (4.0.5) lib/active_record/connection_adapters/postgresql_adapter.rb:848:in `new'
  activerecord (4.0.5) lib/active_record/connection_adapters/postgresql_adapter.rb:848:in `connect'
  activerecord (4.0.5) lib/active_record/connection_adapters/postgresql_adapter.rb:556:in `initialize'
  activerecord (4.0.5) lib/active_record/connection_adapters/postgresql_adapter.rb:41:in `new'
  activerecord (4.0.5) lib/active_record/connection_adapters/postgresql_adapter.rb:41:in `postgresql_connection'
  activerecord (4.0.5) lib/active_record/connection_adapters/abstract/connection_pool.rb:440:in `new_connection'
  activerecord (4.0.5) lib/active_record/connection_adapters/abstract/connection_pool.rb:450:in `checkout_new_connection'
  activerecord (4.0.5) lib/active_record/connection_adapters/abstract/connection_pool.rb:421:in `acquire_connection'
  activerecord (4.0.5) lib/active_record/connection_adapters/abstract/connection_pool.rb:356:in `block in checkout'
  /Users/gintron/.rbenv/versions/2.1.2/lib/ruby/2.1.0/monitor.rb:211:in `mon_synchronize'
  activerecord (4.0.5) lib/active_record/connection_adapters/abstract/connection_pool.rb:355:in `checkout'
  activerecord (4.0.5) lib/active_record/connection_adapters/abstract/connection_pool.rb:265:in `block in connection'
  /Users/gintron/.rbenv/versions/2.1.2/lib/ruby/2.1.0/monitor.rb:211:in `mon_synchronize'
  activerecord (4.0.5) lib/active_record/connection_adapters/abstract/connection_pool.rb:264:in `connection'
  activerecord (4.0.5) lib/active_record/connection_adapters/abstract/connection_pool.rb:546:in `retrieve_connection'
  activerecord (4.0.5) lib/active_record/connection_handling.rb:79:in `retrieve_connection'
  activerecord (4.0.5) lib/active_record/connection_handling.rb:53:in `connection'
  activerecord (4.0.5) lib/active_record/query_cache.rb:51:in `restore_query_cache_settings'
  activerecord (4.0.5) lib/active_record/query_cache.rb:43:in `rescue in call'
  activerecord (4.0.5) lib/active_record/query_cache.rb:32:in `call'
  activerecord (4.0.5) lib/active_record/connection_adapters/abstract/connection_pool.rb:626:in `call'
  activerecord (4.0.5) lib/active_record/migration.rb:373:in `call'
  actionpack (4.0.5) lib/action_dispatch/middleware/callbacks.rb:29:in `block in call'
  activesupport (4.0.5) lib/active_support/callbacks.rb:373:in `_run__586032705509948494__call__callbacks'
  activesupport (4.0.5) lib/active_support/callbacks.rb:80:in `run_callbacks'
  actionpack (4.0.5) lib/action_dispatch/middleware/callbacks.rb:27:in `call'
  actionpack (4.0.5) lib/action_dispatch/middleware/reloader.rb:64:in `call'
  actionpack (4.0.5) lib/action_dispatch/middleware/remote_ip.rb:76:in `call'
  actionpack (4.0.5) lib/action_dispatch/middleware/debug_exceptions.rb:17:in `call'
  actionpack (4.0.5) lib/action_dispatch/middleware/show_exceptions.rb:30:in `call'
  railties (4.0.5) lib/rails/rack/logger.rb:38:in `call_app'
  railties (4.0.5) lib/rails/rack/logger.rb:20:in `block in call'
  activesupport (4.0.5) lib/active_support/tagged_logging.rb:68:in `block in tagged'
  activesupport (4.0.5) lib/active_support/tagged_logging.rb:26:in `tagged'
  activesupport (4.0.5) lib/active_support/tagged_logging.rb:68:in `tagged'
  railties (4.0.5) lib/rails/rack/logger.rb:20:in `call'
  actionpack (4.0.5) lib/action_dispatch/middleware/request_id.rb:21:in `call'
  rack (1.5.2) lib/rack/methodoverride.rb:21:in `call'
  rack (1.5.2) lib/rack/runtime.rb:17:in `call'
  activesupport (4.0.5) lib/active_support/cache/strategy/local_cache.rb:83:in `call'
  rack (1.5.2) lib/rack/lock.rb:17:in `call'
  actionpack (4.0.5) lib/action_dispatch/middleware/static.rb:64:in `call'
  rack (1.5.2) lib/rack/sendfile.rb:112:in `call'
  railties (4.0.5) lib/rails/engine.rb:511:in `call'
  railties (4.0.5) lib/rails/application.rb:97:in `call'
  rack (1.5.2) lib/rack/lock.rb:17:in `call'
  rack (1.5.2) lib/rack/content_length.rb:14:in `call'
  rack (1.5.2) lib/rack/handler/webrick.rb:60:in `service'
  /Users/gintron/.rbenv/versions/2.1.2/lib/ruby/2.1.0/webrick/httpserver.rb:138:in `service'
  /Users/gintron/.rbenv/versions/2.1.2/lib/ruby/2.1.0/webrick/httpserver.rb:94:in `run'
  /Users/gintron/.rbenv/versions/2.1.2/lib/ruby/2.1.0/webrick/server.rb:295:in `block in start_thread'


  Rendered /Users/gintron/.rbenv/versions/2.1.2/lib/ruby/gems/2.1.0/gems/actionpack-4.0.5/lib/action_dispatch/middleware/templates/rescues/_source.erb (0.5ms)
  Rendered /Users/gintron/.rbenv/versions/2.1.2/lib/ruby/gems/2.1.0/gems/actionpack-4.0.5/lib/action_dispatch/middleware/templates/rescues/_trace.erb (1.0ms)
  Rendered /Users/gintron/.rbenv/versions/2.1.2/lib/ruby/gems/2.1.0/gems/actionpack-4.0.5/lib/action_dispatch/middleware/templates/rescues/_request_and_response.erb (0.8ms)
  Rendered /Users/gintron/.rbenv/versions/2.1.2/lib/ruby/gems/2.1.0/gems/actionpack-4.0.5/lib/action_dispatch/middleware/templates/rescues/diagnostics.erb within rescues/layout (13.2ms)


Started GET "/" for 127.0.0.1 at 2014-11-12 10:02:57 -0800

PG::ConnectionBad (FATAL:  role "accounting" does not exist
):
  activerecord (4.0.5) lib/active_record/connection_adapters/postgresql_adapter.rb:848:in `initialize'
  activerecord (4.0.5) lib/active_record/connection_adapters/postgresql_adapter.rb:848:in `new'
  activerecord (4.0.5) lib/active_record/connection_adapters/postgresql_adapter.rb:848:in `connect'
  activerecord (4.0.5) lib/active_record/connection_adapters/postgresql_adapter.rb:556:in `initialize'
  activerecord (4.0.5) lib/active_record/connection_adapters/postgresql_adapter.rb:41:in `new'
  activerecord (4.0.5) lib/active_record/connection_adapters/postgresql_adapter.rb:41:in `postgresql_connection'
  activerecord (4.0.5) lib/active_record/connection_adapters/abstract/connection_pool.rb:440:in `new_connection'
  activerecord (4.0.5) lib/active_record/connection_adapters/abstract/connection_pool.rb:450:in `checkout_new_connection'
  activerecord (4.0.5) lib/active_record/connection_adapters/abstract/connection_pool.rb:421:in `acquire_connection'
  activerecord (4.0.5) lib/active_record/connection_adapters/abstract/connection_pool.rb:356:in `block in checkout'
  /Users/gintron/.rbenv/versions/2.1.2/lib/ruby/2.1.0/monitor.rb:211:in `mon_synchronize'
  activerecord (4.0.5) lib/active_record/connection_adapters/abstract/connection_pool.rb:355:in `checkout'
  activerecord (4.0.5) lib/active_record/connection_adapters/abstract/connection_pool.rb:265:in `block in connection'
  /Users/gintron/.rbenv/versions/2.1.2/lib/ruby/2.1.0/monitor.rb:211:in `mon_synchronize'
  activerecord (4.0.5) lib/active_record/connection_adapters/abstract/connection_pool.rb:264:in `connection'
  activerecord (4.0.5) lib/active_record/connection_adapters/abstract/connection_pool.rb:546:in `retrieve_connection'
  activerecord (4.0.5) lib/active_record/connection_handling.rb:79:in `retrieve_connection'
  activerecord (4.0.5) lib/active_record/connection_handling.rb:53:in `connection'
  activerecord (4.0.5) lib/active_record/query_cache.rb:51:in `restore_query_cache_settings'
  activerecord (4.0.5) lib/active_record/query_cache.rb:43:in `rescue in call'
  activerecord (4.0.5) lib/active_record/query_cache.rb:32:in `call'
  activerecord (4.0.5) lib/active_record/connection_adapters/abstract/connection_pool.rb:626:in `call'
  activerecord (4.0.5) lib/active_record/migration.rb:373:in `call'
  actionpack (4.0.5) lib/action_dispatch/middleware/callbacks.rb:29:in `block in call'
  activesupport (4.0.5) lib/active_support/callbacks.rb:373:in `_run__586032705509948494__call__callbacks'
  activesupport (4.0.5) lib/active_support/callbacks.rb:80:in `run_callbacks'
  actionpack (4.0.5) lib/action_dispatch/middleware/callbacks.rb:27:in `call'
  actionpack (4.0.5) lib/action_dispatch/middleware/reloader.rb:64:in `call'
  actionpack (4.0.5) lib/action_dispatch/middleware/remote_ip.rb:76:in `call'
  actionpack (4.0.5) lib/action_dispatch/middleware/debug_exceptions.rb:17:in `call'
  actionpack (4.0.5) lib/action_dispatch/middleware/show_exceptions.rb:30:in `call'
  railties (4.0.5) lib/rails/rack/logger.rb:38:in `call_app'
  railties (4.0.5) lib/rails/rack/logger.rb:20:in `block in call'
  activesupport (4.0.5) lib/active_support/tagged_logging.rb:68:in `block in tagged'
  activesupport (4.0.5) lib/active_support/tagged_logging.rb:26:in `tagged'
  activesupport (4.0.5) lib/active_support/tagged_logging.rb:68:in `tagged'
  railties (4.0.5) lib/rails/rack/logger.rb:20:in `call'
  actionpack (4.0.5) lib/action_dispatch/middleware/request_id.rb:21:in `call'
  rack (1.5.2) lib/rack/methodoverride.rb:21:in `call'
  rack (1.5.2) lib/rack/runtime.rb:17:in `call'
  activesupport (4.0.5) lib/active_support/cache/strategy/local_cache.rb:83:in `call'
  rack (1.5.2) lib/rack/lock.rb:17:in `call'
  actionpack (4.0.5) lib/action_dispatch/middleware/static.rb:64:in `call'
  rack (1.5.2) lib/rack/sendfile.rb:112:in `call'
  railties (4.0.5) lib/rails/engine.rb:511:in `call'
  railties (4.0.5) lib/rails/application.rb:97:in `call'
  rack (1.5.2) lib/rack/lock.rb:17:in `call'
  rack (1.5.2) lib/rack/content_length.rb:14:in `call'
  rack (1.5.2) lib/rack/handler/webrick.rb:60:in `service'
  /Users/gintron/.rbenv/versions/2.1.2/lib/ruby/2.1.0/webrick/httpserver.rb:138:in `service'
  /Users/gintron/.rbenv/versions/2.1.2/lib/ruby/2.1.0/webrick/httpserver.rb:94:in `run'
  /Users/gintron/.rbenv/versions/2.1.2/lib/ruby/2.1.0/webrick/server.rb:295:in `block in start_thread'


  Rendered /Users/gintron/.rbenv/versions/2.1.2/lib/ruby/gems/2.1.0/gems/actionpack-4.0.5/lib/action_dispatch/middleware/templates/rescues/_source.erb (0.6ms)
  Rendered /Users/gintron/.rbenv/versions/2.1.2/lib/ruby/gems/2.1.0/gems/actionpack-4.0.5/lib/action_dispatch/middleware/templates/rescues/_trace.erb (1.0ms)
  Rendered /Users/gintron/.rbenv/versions/2.1.2/lib/ruby/gems/2.1.0/gems/actionpack-4.0.5/lib/action_dispatch/middleware/templates/rescues/_request_and_response.erb (0.8ms)
  Rendered /Users/gintron/.rbenv/versions/2.1.2/lib/ruby/gems/2.1.0/gems/actionpack-4.0.5/lib/action_dispatch/middleware/templates/rescues/diagnostics.erb within rescues/layout (13.6ms)


Started GET "/" for 127.0.0.1 at 2014-11-12 10:03:12 -0800

PG::ConnectionBad (FATAL:  database "accounting_development" does not exist
):
  activerecord (4.0.5) lib/active_record/connection_adapters/postgresql_adapter.rb:848:in `initialize'
  activerecord (4.0.5) lib/active_record/connection_adapters/postgresql_adapter.rb:848:in `new'
  activerecord (4.0.5) lib/active_record/connection_adapters/postgresql_adapter.rb:848:in `connect'
  activerecord (4.0.5) lib/active_record/connection_adapters/postgresql_adapter.rb:556:in `initialize'
  activerecord (4.0.5) lib/active_record/connection_adapters/postgresql_adapter.rb:41:in `new'
  activerecord (4.0.5) lib/active_record/connection_adapters/postgresql_adapter.rb:41:in `postgresql_connection'
  activerecord (4.0.5) lib/active_record/connection_adapters/abstract/connection_pool.rb:440:in `new_connection'
  activerecord (4.0.5) lib/active_record/connection_adapters/abstract/connection_pool.rb:450:in `checkout_new_connection'
  activerecord (4.0.5) lib/active_record/connection_adapters/abstract/connection_pool.rb:421:in `acquire_connection'
  activerecord (4.0.5) lib/active_record/connection_adapters/abstract/connection_pool.rb:356:in `block in checkout'
  /Users/gintron/.rbenv/versions/2.1.2/lib/ruby/2.1.0/monitor.rb:211:in `mon_synchronize'
  activerecord (4.0.5) lib/active_record/connection_adapters/abstract/connection_pool.rb:355:in `checkout'
  activerecord (4.0.5) lib/active_record/connection_adapters/abstract/connection_pool.rb:265:in `block in connection'
  /Users/gintron/.rbenv/versions/2.1.2/lib/ruby/2.1.0/monitor.rb:211:in `mon_synchronize'
  activerecord (4.0.5) lib/active_record/connection_adapters/abstract/connection_pool.rb:264:in `connection'
  activerecord (4.0.5) lib/active_record/connection_adapters/abstract/connection_pool.rb:546:in `retrieve_connection'
  activerecord (4.0.5) lib/active_record/connection_handling.rb:79:in `retrieve_connection'
  activerecord (4.0.5) lib/active_record/connection_handling.rb:53:in `connection'
  activerecord (4.0.5) lib/active_record/query_cache.rb:51:in `restore_query_cache_settings'
  activerecord (4.0.5) lib/active_record/query_cache.rb:43:in `rescue in call'
  activerecord (4.0.5) lib/active_record/query_cache.rb:32:in `call'
  activerecord (4.0.5) lib/active_record/connection_adapters/abstract/connection_pool.rb:626:in `call'
  activerecord (4.0.5) lib/active_record/migration.rb:373:in `call'
  actionpack (4.0.5) lib/action_dispatch/middleware/callbacks.rb:29:in `block in call'
  activesupport (4.0.5) lib/active_support/callbacks.rb:373:in `_run__1149474458936555961__call__callbacks'
  activesupport (4.0.5) lib/active_support/callbacks.rb:80:in `run_callbacks'
  actionpack (4.0.5) lib/action_dispatch/middleware/callbacks.rb:27:in `call'
  actionpack (4.0.5) lib/action_dispatch/middleware/reloader.rb:64:in `call'
  actionpack (4.0.5) lib/action_dispatch/middleware/remote_ip.rb:76:in `call'
  actionpack (4.0.5) lib/action_dispatch/middleware/debug_exceptions.rb:17:in `call'
  actionpack (4.0.5) lib/action_dispatch/middleware/show_exceptions.rb:30:in `call'
  railties (4.0.5) lib/rails/rack/logger.rb:38:in `call_app'
  railties (4.0.5) lib/rails/rack/logger.rb:20:in `block in call'
  activesupport (4.0.5) lib/active_support/tagged_logging.rb:68:in `block in tagged'
  activesupport (4.0.5) lib/active_support/tagged_logging.rb:26:in `tagged'
  activesupport (4.0.5) lib/active_support/tagged_logging.rb:68:in `tagged'
  railties (4.0.5) lib/rails/rack/logger.rb:20:in `call'
  actionpack (4.0.5) lib/action_dispatch/middleware/request_id.rb:21:in `call'
  rack (1.5.2) lib/rack/methodoverride.rb:21:in `call'
  rack (1.5.2) lib/rack/runtime.rb:17:in `call'
  activesupport (4.0.5) lib/active_support/cache/strategy/local_cache.rb:83:in `call'
  rack (1.5.2) lib/rack/lock.rb:17:in `call'
  actionpack (4.0.5) lib/action_dispatch/middleware/static.rb:64:in `call'
  rack (1.5.2) lib/rack/sendfile.rb:112:in `call'
  railties (4.0.5) lib/rails/engine.rb:511:in `call'
  railties (4.0.5) lib/rails/application.rb:97:in `call'
  rack (1.5.2) lib/rack/lock.rb:17:in `call'
  rack (1.5.2) lib/rack/content_length.rb:14:in `call'
  rack (1.5.2) lib/rack/handler/webrick.rb:60:in `service'
  /Users/gintron/.rbenv/versions/2.1.2/lib/ruby/2.1.0/webrick/httpserver.rb:138:in `service'
  /Users/gintron/.rbenv/versions/2.1.2/lib/ruby/2.1.0/webrick/httpserver.rb:94:in `run'
  /Users/gintron/.rbenv/versions/2.1.2/lib/ruby/2.1.0/webrick/server.rb:295:in `block in start_thread'


  Rendered /Users/gintron/.rbenv/versions/2.1.2/lib/ruby/gems/2.1.0/gems/actionpack-4.0.5/lib/action_dispatch/middleware/templates/rescues/_source.erb (0.5ms)
  Rendered /Users/gintron/.rbenv/versions/2.1.2/lib/ruby/gems/2.1.0/gems/actionpack-4.0.5/lib/action_dispatch/middleware/templates/rescues/_trace.erb (1.0ms)
  Rendered /Users/gintron/.rbenv/versions/2.1.2/lib/ruby/gems/2.1.0/gems/actionpack-4.0.5/lib/action_dispatch/middleware/templates/rescues/_request_and_response.erb (0.9ms)
  Rendered /Users/gintron/.rbenv/versions/2.1.2/lib/ruby/gems/2.1.0/gems/actionpack-4.0.5/lib/action_dispatch/middleware/templates/rescues/diagnostics.erb within rescues/layout (14.4ms)


Started GET "/" for 127.0.0.1 at 2014-11-12 10:03:23 -0800
Processing by Rails::WelcomeController#index as HTML
  Rendered /Users/gintron/.rbenv/versions/2.1.2/lib/ruby/gems/2.1.0/gems/railties-4.0.5/lib/rails/templates/rails/welcome/index.html.erb (1.4ms)
Completed 200 OK in 16ms (Views: 7.2ms | ActiveRecord: 0.0ms)


Started GET "/" for 127.0.0.1 at 2014-11-12 10:03:55 -0800

ActionController::RoutingError (uninitialized constant StaticController):
  activesupport (4.0.5) lib/active_support/inflector/methods.rb:226:in `const_get'
  activesupport (4.0.5) lib/active_support/inflector/methods.rb:226:in `block in constantize'
  activesupport (4.0.5) lib/active_support/inflector/methods.rb:224:in `each'
  activesupport (4.0.5) lib/active_support/inflector/methods.rb:224:in `inject'
  activesupport (4.0.5) lib/active_support/inflector/methods.rb:224:in `constantize'
  actionpack (4.0.5) lib/action_dispatch/routing/route_set.rb:76:in `controller_reference'
  actionpack (4.0.5) lib/action_dispatch/routing/route_set.rb:66:in `controller'
  actionpack (4.0.5) lib/action_dispatch/routing/route_set.rb:44:in `call'
  actionpack (4.0.5) lib/action_dispatch/journey/router.rb:71:in `block in call'
  actionpack (4.0.5) lib/action_dispatch/journey/router.rb:59:in `each'
  actionpack (4.0.5) lib/action_dispatch/journey/router.rb:59:in `call'
  actionpack (4.0.5) lib/action_dispatch/routing/route_set.rb:674:in `call'
  rack (1.5.2) lib/rack/etag.rb:23:in `call'
  rack (1.5.2) lib/rack/conditionalget.rb:25:in `call'
  rack (1.5.2) lib/rack/head.rb:11:in `call'
  actionpack (4.0.5) lib/action_dispatch/middleware/params_parser.rb:27:in `call'
  actionpack (4.0.5) lib/action_dispatch/middleware/flash.rb:241:in `call'
  rack (1.5.2) lib/rack/session/abstract/id.rb:225:in `context'
  rack (1.5.2) lib/rack/session/abstract/id.rb:220:in `call'
  actionpack (4.0.5) lib/action_dispatch/middleware/cookies.rb:486:in `call'
  activerecord (4.0.5) lib/active_record/query_cache.rb:36:in `call'
  activerecord (4.0.5) lib/active_record/connection_adapters/abstract/connection_pool.rb:626:in `call'
  activerecord (4.0.5) lib/active_record/migration.rb:373:in `call'
  actionpack (4.0.5) lib/action_dispatch/middleware/callbacks.rb:29:in `block in call'
  activesupport (4.0.5) lib/active_support/callbacks.rb:373:in `_run__2932905790888718776__call__callbacks'
  activesupport (4.0.5) lib/active_support/callbacks.rb:80:in `run_callbacks'
  actionpack (4.0.5) lib/action_dispatch/middleware/callbacks.rb:27:in `call'
  actionpack (4.0.5) lib/action_dispatch/middleware/reloader.rb:64:in `call'
  actionpack (4.0.5) lib/action_dispatch/middleware/remote_ip.rb:76:in `call'
  actionpack (4.0.5) lib/action_dispatch/middleware/debug_exceptions.rb:17:in `call'
  actionpack (4.0.5) lib/action_dispatch/middleware/show_exceptions.rb:30:in `call'
  railties (4.0.5) lib/rails/rack/logger.rb:38:in `call_app'
  railties (4.0.5) lib/rails/rack/logger.rb:20:in `block in call'
  activesupport (4.0.5) lib/active_support/tagged_logging.rb:68:in `block in tagged'
  activesupport (4.0.5) lib/active_support/tagged_logging.rb:26:in `tagged'
  activesupport (4.0.5) lib/active_support/tagged_logging.rb:68:in `tagged'
  railties (4.0.5) lib/rails/rack/logger.rb:20:in `call'
  actionpack (4.0.5) lib/action_dispatch/middleware/request_id.rb:21:in `call'
  rack (1.5.2) lib/rack/methodoverride.rb:21:in `call'
  rack (1.5.2) lib/rack/runtime.rb:17:in `call'
  activesupport (4.0.5) lib/active_support/cache/strategy/local_cache.rb:83:in `call'
  rack (1.5.2) lib/rack/lock.rb:17:in `call'
  actionpack (4.0.5) lib/action_dispatch/middleware/static.rb:64:in `call'
  rack (1.5.2) lib/rack/sendfile.rb:112:in `call'
  railties (4.0.5) lib/rails/engine.rb:511:in `call'
  railties (4.0.5) lib/rails/application.rb:97:in `call'
  rack (1.5.2) lib/rack/lock.rb:17:in `call'
  rack (1.5.2) lib/rack/content_length.rb:14:in `call'
  rack (1.5.2) lib/rack/handler/webrick.rb:60:in `service'
  /Users/gintron/.rbenv/versions/2.1.2/lib/ruby/2.1.0/webrick/httpserver.rb:138:in `service'
  /Users/gintron/.rbenv/versions/2.1.2/lib/ruby/2.1.0/webrick/httpserver.rb:94:in `run'
  /Users/gintron/.rbenv/versions/2.1.2/lib/ruby/2.1.0/webrick/server.rb:295:in `block in start_thread'


  Rendered /Users/gintron/.rbenv/versions/2.1.2/lib/ruby/gems/2.1.0/gems/actionpack-4.0.5/lib/action_dispatch/middleware/templates/rescues/_trace.erb (1.0ms)
  Rendered /Users/gintron/.rbenv/versions/2.1.2/lib/ruby/gems/2.1.0/gems/actionpack-4.0.5/lib/action_dispatch/middleware/templates/routes/_route.html.erb (0.7ms)
  Rendered /Users/gintron/.rbenv/versions/2.1.2/lib/ruby/gems/2.1.0/gems/actionpack-4.0.5/lib/action_dispatch/middleware/templates/routes/_table.html.erb (5.2ms)
  Rendered /Users/gintron/.rbenv/versions/2.1.2/lib/ruby/gems/2.1.0/gems/actionpack-4.0.5/lib/action_dispatch/middleware/templates/rescues/routing_error.erb within rescues/layout (25.0ms)


Started GET "/" for 127.0.0.1 at 2014-11-12 10:04:15 -0800
Processing by StaticController#invoice_calculator as HTML
Completed 500 Internal Server Error in 3ms

ActionView::MissingTemplate (Missing template static/invoice_calculator, application/invoice_calculator with {:locale=>[:en], :formats=>[:html], :handlers=>[:erb, :builder, :raw, :ruby, :jbuilder, :coffee]}. Searched in:
  * "/Users/gintron/code/work/accounting-interview/accounting/app/views"
):
  actionpack (4.0.5) lib/action_view/path_set.rb:46:in `find'
  actionpack (4.0.5) lib/action_view/lookup_context.rb:122:in `find'
  actionpack (4.0.5) lib/action_view/renderer/abstract_renderer.rb:18:in `find_template'
  actionpack (4.0.5) lib/action_view/renderer/template_renderer.rb:35:in `determine_template'
  actionpack (4.0.5) lib/action_view/renderer/template_renderer.rb:8:in `render'
  actionpack (4.0.5) lib/action_view/renderer/renderer.rb:42:in `render_template'
  actionpack (4.0.5) lib/action_view/renderer/renderer.rb:23:in `render'
  actionpack (4.0.5) lib/abstract_controller/rendering.rb:127:in `_render_template'
  actionpack (4.0.5) lib/action_controller/metal/streaming.rb:219:in `_render_template'
  actionpack (4.0.5) lib/abstract_controller/rendering.rb:120:in `render_to_body'
  actionpack (4.0.5) lib/action_controller/metal/rendering.rb:33:in `render_to_body'
  actionpack (4.0.5) lib/action_controller/metal/renderers.rb:26:in `render_to_body'
  actionpack (4.0.5) lib/abstract_controller/rendering.rb:97:in `render'
  actionpack (4.0.5) lib/action_controller/metal/rendering.rb:16:in `render'
  actionpack (4.0.5) lib/action_controller/metal/instrumentation.rb:41:in `block (2 levels) in render'
  activesupport (4.0.5) lib/active_support/core_ext/benchmark.rb:12:in `block in ms'
  /Users/gintron/.rbenv/versions/2.1.2/lib/ruby/2.1.0/benchmark.rb:294:in `realtime'
  activesupport (4.0.5) lib/active_support/core_ext/benchmark.rb:12:in `ms'
  actionpack (4.0.5) lib/action_controller/metal/instrumentation.rb:41:in `block in render'
  actionpack (4.0.5) lib/action_controller/metal/instrumentation.rb:84:in `cleanup_view_runtime'
  activerecord (4.0.5) lib/active_record/railties/controller_runtime.rb:25:in `cleanup_view_runtime'
  actionpack (4.0.5) lib/action_controller/metal/instrumentation.rb:40:in `render'
  actionpack (4.0.5) lib/action_controller/metal/implicit_render.rb:10:in `default_render'
  actionpack (4.0.5) lib/action_controller/metal/implicit_render.rb:5:in `send_action'
  actionpack (4.0.5) lib/abstract_controller/base.rb:189:in `process_action'
  actionpack (4.0.5) lib/action_controller/metal/rendering.rb:10:in `process_action'
  actionpack (4.0.5) lib/abstract_controller/callbacks.rb:18:in `block in process_action'
  activesupport (4.0.5) lib/active_support/callbacks.rb:403:in `_run__2935143031657352446__process_action__callbacks'
  activesupport (4.0.5) lib/active_support/callbacks.rb:80:in `run_callbacks'
  actionpack (4.0.5) lib/abstract_controller/callbacks.rb:17:in `process_action'
  actionpack (4.0.5) lib/action_controller/metal/rescue.rb:29:in `process_action'
  actionpack (4.0.5) lib/action_controller/metal/instrumentation.rb:31:in `block in process_action'
  activesupport (4.0.5) lib/active_support/notifications.rb:159:in `block in instrument'
  activesupport (4.0.5) lib/active_support/notifications/instrumenter.rb:20:in `instrument'
  activesupport (4.0.5) lib/active_support/notifications.rb:159:in `instrument'
  actionpack (4.0.5) lib/action_controller/metal/instrumentation.rb:30:in `process_action'
  actionpack (4.0.5) lib/action_controller/metal/params_wrapper.rb:250:in `process_action'
  activerecord (4.0.5) lib/active_record/railties/controller_runtime.rb:18:in `process_action'
  actionpack (4.0.5) lib/abstract_controller/base.rb:136:in `process'
  actionpack (4.0.5) lib/abstract_controller/rendering.rb:44:in `process'
  actionpack (4.0.5) lib/action_controller/metal.rb:195:in `dispatch'
  actionpack (4.0.5) lib/action_controller/metal/rack_delegation.rb:13:in `dispatch'
  actionpack (4.0.5) lib/action_controller/metal.rb:231:in `block in action'
  actionpack (4.0.5) lib/action_dispatch/routing/route_set.rb:80:in `call'
  actionpack (4.0.5) lib/action_dispatch/routing/route_set.rb:80:in `dispatch'
  actionpack (4.0.5) lib/action_dispatch/routing/route_set.rb:48:in `call'
  actionpack (4.0.5) lib/action_dispatch/journey/router.rb:71:in `block in call'
  actionpack (4.0.5) lib/action_dispatch/journey/router.rb:59:in `each'
  actionpack (4.0.5) lib/action_dispatch/journey/router.rb:59:in `call'
  actionpack (4.0.5) lib/action_dispatch/routing/route_set.rb:674:in `call'
  rack (1.5.2) lib/rack/etag.rb:23:in `call'
  rack (1.5.2) lib/rack/conditionalget.rb:25:in `call'
  rack (1.5.2) lib/rack/head.rb:11:in `call'
  actionpack (4.0.5) lib/action_dispatch/middleware/params_parser.rb:27:in `call'
  actionpack (4.0.5) lib/action_dispatch/middleware/flash.rb:241:in `call'
  rack (1.5.2) lib/rack/session/abstract/id.rb:225:in `context'
  rack (1.5.2) lib/rack/session/abstract/id.rb:220:in `call'
  actionpack (4.0.5) lib/action_dispatch/middleware/cookies.rb:486:in `call'
  activerecord (4.0.5) lib/active_record/query_cache.rb:36:in `call'
  activerecord (4.0.5) lib/active_record/connection_adapters/abstract/connection_pool.rb:626:in `call'
  activerecord (4.0.5) lib/active_record/migration.rb:373:in `call'
  actionpack (4.0.5) lib/action_dispatch/middleware/callbacks.rb:29:in `block in call'
  activesupport (4.0.5) lib/active_support/callbacks.rb:373:in `_run__2932905790888718776__call__callbacks'
  activesupport (4.0.5) lib/active_support/callbacks.rb:80:in `run_callbacks'
  actionpack (4.0.5) lib/action_dispatch/middleware/callbacks.rb:27:in `call'
  actionpack (4.0.5) lib/action_dispatch/middleware/reloader.rb:64:in `call'
  actionpack (4.0.5) lib/action_dispatch/middleware/remote_ip.rb:76:in `call'
  actionpack (4.0.5) lib/action_dispatch/middleware/debug_exceptions.rb:17:in `call'
  actionpack (4.0.5) lib/action_dispatch/middleware/show_exceptions.rb:30:in `call'
  railties (4.0.5) lib/rails/rack/logger.rb:38:in `call_app'
  railties (4.0.5) lib/rails/rack/logger.rb:20:in `block in call'
  activesupport (4.0.5) lib/active_support/tagged_logging.rb:68:in `block in tagged'
  activesupport (4.0.5) lib/active_support/tagged_logging.rb:26:in `tagged'
  activesupport (4.0.5) lib/active_support/tagged_logging.rb:68:in `tagged'
  railties (4.0.5) lib/rails/rack/logger.rb:20:in `call'
  actionpack (4.0.5) lib/action_dispatch/middleware/request_id.rb:21:in `call'
  rack (1.5.2) lib/rack/methodoverride.rb:21:in `call'
  rack (1.5.2) lib/rack/runtime.rb:17:in `call'
  activesupport (4.0.5) lib/active_support/cache/strategy/local_cache.rb:83:in `call'
  rack (1.5.2) lib/rack/lock.rb:17:in `call'
  actionpack (4.0.5) lib/action_dispatch/middleware/static.rb:64:in `call'
  rack (1.5.2) lib/rack/sendfile.rb:112:in `call'
  railties (4.0.5) lib/rails/engine.rb:511:in `call'
  railties (4.0.5) lib/rails/application.rb:97:in `call'
  rack (1.5.2) lib/rack/lock.rb:17:in `call'
  rack (1.5.2) lib/rack/content_length.rb:14:in `call'
  rack (1.5.2) lib/rack/handler/webrick.rb:60:in `service'
  /Users/gintron/.rbenv/versions/2.1.2/lib/ruby/2.1.0/webrick/httpserver.rb:138:in `service'
  /Users/gintron/.rbenv/versions/2.1.2/lib/ruby/2.1.0/webrick/httpserver.rb:94:in `run'
  /Users/gintron/.rbenv/versions/2.1.2/lib/ruby/2.1.0/webrick/server.rb:295:in `block in start_thread'


  Rendered /Users/gintron/.rbenv/versions/2.1.2/lib/ruby/gems/2.1.0/gems/actionpack-4.0.5/lib/action_dispatch/middleware/templates/rescues/missing_template.erb within rescues/layout (0.5ms)


Started GET "/" for 127.0.0.1 at 2014-11-12 10:16:32 -0800
Processing by StaticController#invoice_calculator as HTML
  Rendered static/invoice_calculator.html.erb within layouts/application (1.0ms)
Completed 200 OK in 291ms (Views: 289.9ms | ActiveRecord: 0.0ms)


Started GET "/assets/application.css?body=1" for 127.0.0.1 at 2014-11-12 10:16:33 -0800


Started GET "/assets/jquery.js?body=1" for 127.0.0.1 at 2014-11-12 10:16:33 -0800


Started GET "/assets/jquery_ujs.js?body=1" for 127.0.0.1 at 2014-11-12 10:16:33 -0800


Started GET "/assets/turbolinks.js?body=1" for 127.0.0.1 at 2014-11-12 10:16:33 -0800


Started GET "/assets/application.js?body=1" for 127.0.0.1 at 2014-11-12 10:16:33 -0800


Started GET "/" for 127.0.0.1 at 2014-11-12 10:16:58 -0800
Processing by StaticController#invoice_calculator as HTML
  Rendered static/invoice_calculator.html.erb within layouts/application (1.2ms)
Completed 200 OK in 6ms (Views: 4.7ms | ActiveRecord: 0.0ms)


Started GET "/assets/application.css?body=1" for 127.0.0.1 at 2014-11-12 10:16:58 -0800


Started GET "/assets/jquery_ujs.js?body=1" for 127.0.0.1 at 2014-11-12 10:16:58 -0800


Started GET "/assets/jquery.js?body=1" for 127.0.0.1 at 2014-11-12 10:16:58 -0800


Started GET "/assets/turbolinks.js?body=1" for 127.0.0.1 at 2014-11-12 10:16:58 -0800


Started GET "/assets/application.js?body=1" for 127.0.0.1 at 2014-11-12 10:16:58 -0800


Started GET "/" for 127.0.0.1 at 2014-11-12 10:17:07 -0800
Processing by StaticController#invoice_calculator as HTML
  Rendered static/invoice_calculator.html.erb within layouts/application (1.0ms)
Completed 200 OK in 5ms (Views: 4.5ms | ActiveRecord: 0.0ms)


Started GET "/assets/application.css?body=1" for 127.0.0.1 at 2014-11-12 10:17:07 -0800


Started GET "/assets/application.js?body=1" for 127.0.0.1 at 2014-11-12 10:17:07 -0800


Started GET "/assets/jquery_ujs.js?body=1" for 127.0.0.1 at 2014-11-12 10:17:07 -0800


Started GET "/assets/turbolinks.js?body=1" for 127.0.0.1 at 2014-11-12 10:17:07 -0800


Started GET "/assets/jquery.js?body=1" for 127.0.0.1 at 2014-11-12 10:17:07 -0800


Started GET "/" for 127.0.0.1 at 2014-11-12 10:17:19 -0800
Processing by StaticController#invoice_calculator as HTML
  Rendered static/invoice_calculator.html.erb within layouts/application (1.2ms)
Completed 500 Internal Server Error in 3ms

ActionView::Template::Error (no implicit conversion of Symbol into Integer):
    1: <%= form_tag :invoice_calculator do %>
    2:   <%= select_tag :state, nil, ['FL', 'CA'] %>
    3: <% end %>
  app/views/static/invoice_calculator.html.erb:2:in `block in _app_views_static_invoice_calculator_html_erb__2832448548530709219_70129867743920'
  app/views/static/invoice_calculator.html.erb:1:in `_app_views_static_invoice_calculator_html_erb__2832448548530709219_70129867743920'


  Rendered /Users/gintron/.rbenv/versions/2.1.2/lib/ruby/gems/2.1.0/gems/actionpack-4.0.5/lib/action_dispatch/middleware/templates/rescues/_trace.erb (1.2ms)
  Rendered /Users/gintron/.rbenv/versions/2.1.2/lib/ruby/gems/2.1.0/gems/actionpack-4.0.5/lib/action_dispatch/middleware/templates/rescues/_request_and_response.erb (1.0ms)
  Rendered /Users/gintron/.rbenv/versions/2.1.2/lib/ruby/gems/2.1.0/gems/actionpack-4.0.5/lib/action_dispatch/middleware/templates/rescues/template_error.erb within rescues/layout (10.6ms)


Started GET "/" for 127.0.0.1 at 2014-11-12 10:17:38 -0800
Processing by StaticController#invoice_calculator as HTML
  Rendered static/invoice_calculator.html.erb within layouts/application (1.7ms)
Completed 500 Internal Server Error in 5ms

ActionView::Template::Error (no implicit conversion of Symbol into Integer):
    1: <%= form_tag :invoice_calculator do %>
    2:   <%= select_tag :state, nil, options_for_select(['FL', 'CA']) %>
    3: <% end %>
  app/views/static/invoice_calculator.html.erb:2:in `block in _app_views_static_invoice_calculator_html_erb__2832448548530709219_70129895443420'
  app/views/static/invoice_calculator.html.erb:1:in `_app_views_static_invoice_calculator_html_erb__2832448548530709219_70129895443420'


  Rendered /Users/gintron/.rbenv/versions/2.1.2/lib/ruby/gems/2.1.0/gems/actionpack-4.0.5/lib/action_dispatch/middleware/templates/rescues/_trace.erb (1.1ms)
  Rendered /Users/gintron/.rbenv/versions/2.1.2/lib/ruby/gems/2.1.0/gems/actionpack-4.0.5/lib/action_dispatch/middleware/templates/rescues/_request_and_response.erb (0.8ms)
  Rendered /Users/gintron/.rbenv/versions/2.1.2/lib/ruby/gems/2.1.0/gems/actionpack-4.0.5/lib/action_dispatch/middleware/templates/rescues/template_error.erb within rescues/layout (9.8ms)


Started GET "/" for 127.0.0.1 at 2014-11-12 10:17:40 -0800
Processing by StaticController#invoice_calculator as HTML
  Rendered static/invoice_calculator.html.erb within layouts/application (1.1ms)
Completed 500 Internal Server Error in 4ms

ActionView::Template::Error (no implicit conversion of Symbol into Integer):
    1: <%= form_tag :invoice_calculator do %>
    2:   <%= select_tag :state, nil, options_for_select(['FL', 'CA']) %>
    3: <% end %>
  app/views/static/invoice_calculator.html.erb:2:in `block in _app_views_static_invoice_calculator_html_erb__2832448548530709219_70129895443420'
  app/views/static/invoice_calculator.html.erb:1:in `_app_views_static_invoice_calculator_html_erb__2832448548530709219_70129895443420'


  Rendered /Users/gintron/.rbenv/versions/2.1.2/lib/ruby/gems/2.1.0/gems/actionpack-4.0.5/lib/action_dispatch/middleware/templates/rescues/_trace.erb (1.2ms)
  Rendered /Users/gintron/.rbenv/versions/2.1.2/lib/ruby/gems/2.1.0/gems/actionpack-4.0.5/lib/action_dispatch/middleware/templates/rescues/_request_and_response.erb (0.8ms)
  Rendered /Users/gintron/.rbenv/versions/2.1.2/lib/ruby/gems/2.1.0/gems/actionpack-4.0.5/lib/action_dispatch/middleware/templates/rescues/template_error.erb within rescues/layout (9.7ms)


Started GET "/" for 127.0.0.1 at 2014-11-12 10:17:44 -0800
Processing by StaticController#invoice_calculator as HTML
  Rendered static/invoice_calculator.html.erb within layouts/application (1.1ms)
Completed 200 OK in 6ms (Views: 4.9ms | ActiveRecord: 0.0ms)


Started GET "/assets/application.css?body=1" for 127.0.0.1 at 2014-11-12 10:17:44 -0800


Started GET "/assets/application.js?body=1" for 127.0.0.1 at 2014-11-12 10:17:44 -0800


Started GET "/assets/turbolinks.js?body=1" for 127.0.0.1 at 2014-11-12 10:17:44 -0800


Started GET "/assets/jquery.js?body=1" for 127.0.0.1 at 2014-11-12 10:17:44 -0800


Started GET "/assets/jquery_ujs.js?body=1" for 127.0.0.1 at 2014-11-12 10:17:44 -0800


Started GET "/" for 127.0.0.1 at 2014-11-12 10:18:21 -0800
Processing by StaticController#invoice_calculator as HTML
  Rendered static/invoice_calculator.html.erb within layouts/application (1.1ms)
Completed 200 OK in 5ms (Views: 4.2ms | ActiveRecord: 0.0ms)


Started GET "/assets/jquery.js?body=1" for 127.0.0.1 at 2014-11-12 10:18:21 -0800


Started GET "/assets/application.js?body=1" for 127.0.0.1 at 2014-11-12 10:18:21 -0800


Started GET "/assets/application.css?body=1" for 127.0.0.1 at 2014-11-12 10:18:21 -0800


Started GET "/assets/jquery_ujs.js?body=1" for 127.0.0.1 at 2014-11-12 10:18:21 -0800


Started GET "/assets/turbolinks.js?body=1" for 127.0.0.1 at 2014-11-12 10:18:21 -0800


Started GET "/" for 127.0.0.1 at 2014-11-12 10:18:38 -0800
Processing by StaticController#invoice_calculator as HTML
  Rendered static/invoice_calculator.html.erb within layouts/application (1.3ms)
Completed 200 OK in 6ms (Views: 5.1ms | ActiveRecord: 0.0ms)


Started GET "/assets/application.css?body=1" for 127.0.0.1 at 2014-11-12 10:18:38 -0800


Started GET "/assets/jquery.js?body=1" for 127.0.0.1 at 2014-11-12 10:18:38 -0800


Started GET "/assets/turbolinks.js?body=1" for 127.0.0.1 at 2014-11-12 10:18:38 -0800


Started GET "/assets/application.js?body=1" for 127.0.0.1 at 2014-11-12 10:18:38 -0800


Started GET "/assets/jquery_ujs.js?body=1" for 127.0.0.1 at 2014-11-12 10:18:38 -0800


Started GET "/" for 127.0.0.1 at 2014-11-12 10:20:40 -0800
Processing by StaticController#invoice_calculator as HTML
  Rendered static/invoice_calculator.html.erb within layouts/application (1.6ms)
Completed 500 Internal Server Error in 6ms

ActionView::Template::Error (undefined method `*' for nil:NilClass):
    5: <% end %>
    6: 
    7: <div id='#sales_tax'>
    8:   <%= number_to_currency @invoice.sales_tax %>
    9: </div>
  app/models/invoice.rb:58:in `for'
  app/models/invoice.rb:37:in `sales_tax'
  app/models/invoice.rb:11:in `sales_tax'
  app/views/static/invoice_calculator.html.erb:8:in `_app_views_static_invoice_calculator_html_erb__2832448548530709219_70129895443900'


  Rendered /Users/gintron/.rbenv/versions/2.1.2/lib/ruby/gems/2.1.0/gems/actionpack-4.0.5/lib/action_dispatch/middleware/templates/rescues/_trace.erb (1.0ms)
  Rendered /Users/gintron/.rbenv/versions/2.1.2/lib/ruby/gems/2.1.0/gems/actionpack-4.0.5/lib/action_dispatch/middleware/templates/rescues/_request_and_response.erb (0.8ms)
  Rendered /Users/gintron/.rbenv/versions/2.1.2/lib/ruby/gems/2.1.0/gems/actionpack-4.0.5/lib/action_dispatch/middleware/templates/rescues/template_error.erb within rescues/layout (9.5ms)


Started GET "/" for 127.0.0.1 at 2014-11-12 10:21:05 -0800
Processing by StaticController#invoice_calculator as HTML
  Rendered static/invoice_calculator.html.erb within layouts/application (4.5ms)
Completed 200 OK in 11ms (Views: 8.4ms | ActiveRecord: 0.0ms)


Started GET "/assets/application.css?body=1" for 127.0.0.1 at 2014-11-12 10:21:05 -0800


Started GET "/assets/turbolinks.js?body=1" for 127.0.0.1 at 2014-11-12 10:21:05 -0800


Started GET "/assets/jquery.js?body=1" for 127.0.0.1 at 2014-11-12 10:21:05 -0800


Started GET "/assets/application.js?body=1" for 127.0.0.1 at 2014-11-12 10:21:05 -0800


Started GET "/assets/jquery_ujs.js?body=1" for 127.0.0.1 at 2014-11-12 10:21:05 -0800


Started GET "/" for 127.0.0.1 at 2014-11-12 10:21:23 -0800
Processing by StaticController#invoice_calculator as HTML
  Rendered static/invoice_calculator.html.erb within layouts/application (1.8ms)
Completed 200 OK in 6ms (Views: 5.3ms | ActiveRecord: 0.0ms)


Started GET "/assets/application.css?body=1" for 127.0.0.1 at 2014-11-12 10:21:23 -0800


Started GET "/assets/application.js?body=1" for 127.0.0.1 at 2014-11-12 10:21:23 -0800


Started GET "/assets/jquery_ujs.js?body=1" for 127.0.0.1 at 2014-11-12 10:21:23 -0800


Started GET "/assets/turbolinks.js?body=1" for 127.0.0.1 at 2014-11-12 10:21:23 -0800


Started GET "/assets/jquery.js?body=1" for 127.0.0.1 at 2014-11-12 10:21:23 -0800


Started POST "/invoice_calculator" for 127.0.0.1 at 2014-11-12 10:21:27 -0800
Processing by StaticController#invoice_calculator as HTML
  Parameters: {"utf8"=>"✓", "authenticity_token"=>"pV/RqnNJgmaME1Eyin0iQernOZGubEzxW+X3NqwFeD4=", "state"=>"FL", "subtotal"=>"100", "button"=>""}
  Rendered static/invoice_calculator.html.erb within layouts/application (1.1ms)
Completed 200 OK in 5ms (Views: 4.3ms | ActiveRecord: 0.0ms)


Started GET "/assets/application.css?body=1" for 127.0.0.1 at 2014-11-12 10:21:27 -0800


Started GET "/assets/application.js?body=1" for 127.0.0.1 at 2014-11-12 10:21:27 -0800


Started GET "/assets/jquery.js?body=1" for 127.0.0.1 at 2014-11-12 10:21:27 -0800


Started GET "/assets/turbolinks.js?body=1" for 127.0.0.1 at 2014-11-12 10:21:27 -0800


Started GET "/assets/jquery_ujs.js?body=1" for 127.0.0.1 at 2014-11-12 10:21:27 -0800


Started POST "/invoice_calculator" for 127.0.0.1 at 2014-11-12 10:21:39 -0800
Processing by StaticController#invoice_calculator as HTML
  Parameters: {"utf8"=>"✓", "authenticity_token"=>"pV/RqnNJgmaME1Eyin0iQernOZGubEzxW+X3NqwFeD4=", "state"=>"FL", "subtotal"=>"100", "button"=>""}
  Rendered static/invoice_calculator.html.erb within layouts/application (1.0ms)
Completed 200 OK in 5ms (Views: 4.5ms | ActiveRecord: 0.0ms)


Started GET "/assets/application.css?body=1" for 127.0.0.1 at 2014-11-12 10:21:39 -0800


Started GET "/assets/jquery.js?body=1" for 127.0.0.1 at 2014-11-12 10:21:39 -0800


Started GET "/assets/jquery_ujs.js?body=1" for 127.0.0.1 at 2014-11-12 10:21:39 -0800


Started GET "/assets/turbolinks.js?body=1" for 127.0.0.1 at 2014-11-12 10:21:39 -0800


Started GET "/assets/application.js?body=1" for 127.0.0.1 at 2014-11-12 10:21:39 -0800


Started POST "/invoice_calculator" for 127.0.0.1 at 2014-11-12 10:21:46 -0800
Processing by StaticController#invoice_calculator as HTML
  Parameters: {"utf8"=>"✓", "authenticity_token"=>"pV/RqnNJgmaME1Eyin0iQernOZGubEzxW+X3NqwFeD4=", "state"=>"CA", "subtotal"=>"100", "button"=>""}
  Rendered static/invoice_calculator.html.erb within layouts/application (1.1ms)
Completed 200 OK in 5ms (Views: 4.1ms | ActiveRecord: 0.0ms)


Started GET "/assets/turbolinks.js?body=1" for 127.0.0.1 at 2014-11-12 10:21:46 -0800


Started GET "/assets/jquery.js?body=1" for 127.0.0.1 at 2014-11-12 10:21:46 -0800


Started GET "/assets/jquery_ujs.js?body=1" for 127.0.0.1 at 2014-11-12 10:21:46 -0800


Started GET "/assets/application.js?body=1" for 127.0.0.1 at 2014-11-12 10:21:46 -0800


Started GET "/assets/application.css?body=1" for 127.0.0.1 at 2014-11-12 10:21:46 -0800


Started POST "/invoice_calculator" for 127.0.0.1 at 2014-11-12 10:22:03 -0800
Processing by StaticController#invoice_calculator as HTML
  Parameters: {"utf8"=>"✓", "authenticity_token"=>"pV/RqnNJgmaME1Eyin0iQernOZGubEzxW+X3NqwFeD4=", "state"=>"CA", "subtotal"=>"100", "button"=>""}
  Rendered static/invoice_calculator.html.erb within layouts/application (1.8ms)
Completed 200 OK in 6ms (Views: 5.5ms | ActiveRecord: 0.0ms)


Started GET "/assets/application.css?body=1" for 127.0.0.1 at 2014-11-12 10:22:03 -0800


Started GET "/assets/jquery.js?body=1" for 127.0.0.1 at 2014-11-12 10:22:03 -0800


Started GET "/assets/application.js?body=1" for 127.0.0.1 at 2014-11-12 10:22:03 -0800


Started GET "/assets/jquery_ujs.js?body=1" for 127.0.0.1 at 2014-11-12 10:22:03 -0800


Started GET "/assets/turbolinks.js?body=1" for 127.0.0.1 at 2014-11-12 10:22:03 -0800


Started POST "/invoice_calculator" for 127.0.0.1 at 2014-11-12 10:25:00 -0800
Processing by StaticController#invoice_calculator as HTML
  Parameters: {"utf8"=>"✓", "authenticity_token"=>"pV/RqnNJgmaME1Eyin0iQernOZGubEzxW+X3NqwFeD4=", "state"=>"CA", "subtotal"=>"100", "button"=>""}
  Rendered static/invoice_calculator.html.erb within layouts/application (1.5ms)
Completed 200 OK in 5ms (Views: 4.4ms | ActiveRecord: 0.0ms)


Started GET "/assets/jquery_ujs.js?body=1" for 127.0.0.1 at 2014-11-12 10:25:00 -0800


Started GET "/assets/jquery.js?body=1" for 127.0.0.1 at 2014-11-12 10:25:00 -0800


Started GET "/assets/application.js?body=1" for 127.0.0.1 at 2014-11-12 10:25:00 -0800


Started GET "/assets/application.css?body=1" for 127.0.0.1 at 2014-11-12 10:25:00 -0800


Started GET "/assets/turbolinks.js?body=1" for 127.0.0.1 at 2014-11-12 10:25:00 -0800


Started POST "/invoice_calculator" for 127.0.0.1 at 2014-11-12 10:27:03 -0800
Processing by StaticController#invoice_calculator as HTML
  Parameters: {"utf8"=>"✓", "authenticity_token"=>"pV/RqnNJgmaME1Eyin0iQernOZGubEzxW+X3NqwFeD4=", "state"=>"CA", "subtotal"=>"100", "button"=>""}
  Rendered static/invoice_calculator.html.erb within layouts/application (2.2ms)
Completed 200 OK in 8ms (Views: 5.5ms | ActiveRecord: 0.0ms)


Started GET "/assets/jquery_ujs.js?body=1" for 127.0.0.1 at 2014-11-12 10:27:03 -0800


Started GET "/assets/application.css?body=1" for 127.0.0.1 at 2014-11-12 10:27:03 -0800


Started GET "/assets/turbolinks.js?body=1" for 127.0.0.1 at 2014-11-12 10:27:03 -0800


Started GET "/assets/jquery.js?body=1" for 127.0.0.1 at 2014-11-12 10:27:03 -0800


Started GET "/assets/application.js?body=1" for 127.0.0.1 at 2014-11-12 10:27:03 -0800


Started GET "/" for 127.0.0.1 at 2014-11-14 15:02:42 -0800
Processing by Rails::WelcomeController#index as HTML
  Rendered /Library/Ruby/Gems/2.0.0/gems/railties-4.0.5/lib/rails/templates/rails/welcome/index.html.erb (1.9ms)
Completed 200 OK in 46ms (Views: 12.2ms | ActiveRecord: 0.0ms)


Started GET "/" for 127.0.0.1 at 2014-11-14 23:50:11 -0800
Processing by WelcomeController#index as HTML
  Rendered welcome/index.html.erb within layouts/application (1.2ms)
Completed 200 OK in 1372ms (Views: 1334.7ms | ActiveRecord: 0.0ms)


Started GET "/assets/application.css?body=1" for 127.0.0.1 at 2014-11-14 23:50:12 -0800


Started GET "/assets/jquery_ujs.js?body=1" for 127.0.0.1 at 2014-11-14 23:50:13 -0800


Started GET "/assets/jquery.js?body=1" for 127.0.0.1 at 2014-11-14 23:50:13 -0800


Started GET "/assets/turbolinks.js?body=1" for 127.0.0.1 at 2014-11-14 23:50:13 -0800


Started GET "/assets/application.js?body=1" for 127.0.0.1 at 2014-11-14 23:50:13 -0800


Started GET "/" for 127.0.0.1 at 2014-11-14 23:50:26 -0800
Processing by WelcomeController#index as HTML
  Rendered welcome/index.html.erb within layouts/application (1.5ms)
Completed 200 OK in 8ms (Views: 6.7ms | ActiveRecord: 0.0ms)


Started GET "/assets/application.css?body=1" for 127.0.0.1 at 2014-11-14 23:50:26 -0800


Started GET "/assets/turbolinks.js?body=1" for 127.0.0.1 at 2014-11-14 23:50:26 -0800


Started GET "/assets/jquery.js?body=1" for 127.0.0.1 at 2014-11-14 23:50:26 -0800


Started GET "/assets/application.js?body=1" for 127.0.0.1 at 2014-11-14 23:50:26 -0800


Started GET "/assets/jquery_ujs.js?body=1" for 127.0.0.1 at 2014-11-14 23:50:26 -0800


Started GET "/" for 127.0.0.1 at 2014-11-14 23:53:55 -0800
Processing by WelcomeController#index as HTML
  Rendered welcome/index.html.erb within layouts/application (1.7ms)
Completed 200 OK in 9ms (Views: 8.0ms | ActiveRecord: 0.0ms)


Started GET "/assets/application.css?body=1" for 127.0.0.1 at 2014-11-14 23:53:55 -0800


Started GET "/assets/turbolinks.js?body=1" for 127.0.0.1 at 2014-11-14 23:53:55 -0800


Started GET "/assets/application.js?body=1" for 127.0.0.1 at 2014-11-14 23:53:55 -0800


Started GET "/assets/jquery.js?body=1" for 127.0.0.1 at 2014-11-14 23:53:55 -0800


Started GET "/assets/jquery_ujs.js?body=1" for 127.0.0.1 at 2014-11-14 23:53:55 -0800


Started GET "/" for 127.0.0.1 at 2014-11-14 23:54:10 -0800
Processing by WelcomeController#index as HTML
  Rendered welcome/index.html.erb within layouts/application (0.7ms)
Completed 200 OK in 37ms (Views: 36.6ms | ActiveRecord: 0.0ms)


Started GET "/assets/application.css?body=1" for 127.0.0.1 at 2014-11-14 23:54:10 -0800


Started GET "/assets/jquery_ujs.js?body=1" for 127.0.0.1 at 2014-11-14 23:54:10 -0800


Started GET "/assets/jquery.js?body=1" for 127.0.0.1 at 2014-11-14 23:54:10 -0800


Started GET "/assets/application.js?body=1" for 127.0.0.1 at 2014-11-14 23:54:10 -0800


Started GET "/assets/turbolinks.js?body=1" for 127.0.0.1 at 2014-11-14 23:54:10 -0800


Started GET "/" for 127.0.0.1 at 2014-11-14 23:54:12 -0800
Processing by WelcomeController#index as HTML
  Rendered welcome/index.html.erb within layouts/application (0.4ms)
Completed 200 OK in 7ms (Views: 6.2ms | ActiveRecord: 0.0ms)


Started GET "/assets/application.css?body=1" for 127.0.0.1 at 2014-11-14 23:54:12 -0800


Started GET "/assets/jquery.js?body=1" for 127.0.0.1 at 2014-11-14 23:54:12 -0800


Started GET "/assets/jquery_ujs.js?body=1" for 127.0.0.1 at 2014-11-14 23:54:12 -0800


Started GET "/assets/application.js?body=1" for 127.0.0.1 at 2014-11-14 23:54:12 -0800


Started GET "/assets/turbolinks.js?body=1" for 127.0.0.1 at 2014-11-14 23:54:12 -0800


Started GET "/" for 127.0.0.1 at 2014-11-14 23:54:46 -0800
Processing by WelcomeController#index as HTML
  Rendered welcome/index.html.erb within layouts/application (1.0ms)
Completed 200 OK in 7ms (Views: 6.4ms | ActiveRecord: 0.0ms)


Started GET "/assets/jquery_ujs.js?body=1" for 127.0.0.1 at 2014-11-14 23:54:46 -0800


Started GET "/assets/application.js?body=1" for 127.0.0.1 at 2014-11-14 23:54:46 -0800


Started GET "/assets/turbolinks.js?body=1" for 127.0.0.1 at 2014-11-14 23:54:46 -0800


Started GET "/assets/jquery.js?body=1" for 127.0.0.1 at 2014-11-14 23:54:46 -0800


Started GET "/assets/application.css?body=1" for 127.0.0.1 at 2014-11-14 23:54:46 -0800
